Performing C SOURCE FILE Test HAVE_XINPUT_GAMEPAD_EX failed with the following output:
Change Dir: C:/Users/cyrex/Projects/outpost-rs/rs_sdl_app/target/debug/build/sdl2-sys-d7128da81224669d/out/build/CMakeFiles/CMakeScratch/TryCompile-1bb6j0

Run Build Command(s):C:/Program Files/Microsoft Visual Studio/2022/Enterprise/MSBuild/Current/Bin/amd64/MSBuild.exe cmTC_4ae56.vcxproj /p:Configuration=Debug /p:Platform=x64 /p:VisualStudioVersion=17.0 /v:m && MSBuild version 17.3.0+f67e3d35e for .NET Framework
  src.c
C:\Users\cyrex\Projects\outpost-rs\rs_sdl_app\target\debug\build\sdl2-sys-d7128da81224669d\out\build\CMakeFiles\CMakeScratch\TryCompile-1bb6j0\src.c(4,25): error C2061: syntax error: identifier 'x1' [C:\Users\cyrex\Projects\outpost-rs\rs_sdl_app\target\debug\build\sdl2-sys-d7128da81224669d\out\build\CMakeFiles\CMakeScratch\TryCompile-1bb6j0\cmTC_4ae56.vcxproj]
C:\Users\cyrex\Projects\outpost-rs\rs_sdl_app\target\debug\build\sdl2-sys-d7128da81224669d\out\build\CMakeFiles\CMakeScratch\TryCompile-1bb6j0\src.c(4,25): error C2059: syntax error: ';' [C:\Users\cyrex\Projects\outpost-rs\rs_sdl_app\target\debug\build\sdl2-sys-d7128da81224669d\out\build\CMakeFiles\CMakeScratch\TryCompile-1bb6j0\cmTC_4ae56.vcxproj]


Source file was:

      #include <windows.h>
      #include <xinput.h>
      XINPUT_GAMEPAD_EX x1;
      int main(int argc, char **argv) { }

Performing C SOURCE FILE Test HAVE_XINPUT_STATE_EX failed with the following output:
Change Dir: C:/Users/cyrex/Projects/outpost-rs/rs_sdl_app/target/debug/build/sdl2-sys-d7128da81224669d/out/build/CMakeFiles/CMakeScratch/TryCompile-txka4f

Run Build Command(s):C:/Program Files/Microsoft Visual Studio/2022/Enterprise/MSBuild/Current/Bin/amd64/MSBuild.exe cmTC_f8127.vcxproj /p:Configuration=Debug /p:Platform=x64 /p:VisualStudioVersion=17.0 /v:m && MSBuild version 17.3.0+f67e3d35e for .NET Framework
  src.c
C:\Users\cyrex\Projects\outpost-rs\rs_sdl_app\target\debug\build\sdl2-sys-d7128da81224669d\out\build\CMakeFiles\CMakeScratch\TryCompile-txka4f\src.c(4,23): error C2061: syntax error: identifier 's1' [C:\Users\cyrex\Projects\outpost-rs\rs_sdl_app\target\debug\build\sdl2-sys-d7128da81224669d\out\build\CMakeFiles\CMakeScratch\TryCompile-txka4f\cmTC_f8127.vcxproj]
C:\Users\cyrex\Projects\outpost-rs\rs_sdl_app\target\debug\build\sdl2-sys-d7128da81224669d\out\build\CMakeFiles\CMakeScratch\TryCompile-txka4f\src.c(4,23): error C2059: syntax error: ';' [C:\Users\cyrex\Projects\outpost-rs\rs_sdl_app\target\debug\build\sdl2-sys-d7128da81224669d\out\build\CMakeFiles\CMakeScratch\TryCompile-txka4f\cmTC_f8127.vcxproj]


Source file was:

      #include <windows.h>
      #include <xinput.h>
      XINPUT_STATE_EX s1;
      int main(int argc, char **argv) { }

