The system is: Windows - 10.0.22000 - AMD64
Compiling the C compiler identification source file "CMakeCCompilerId.c" succeeded.
Compiler: C:/Program Files/Microsoft Visual Studio/2022/Enterprise/VC/Tools/MSVC/14.31.31103/bin/Hostx86/x86/cl.exe 
Build flags: 
Id flags:  

The output was:
0
Microsoft (R) C/C++ Optimizing Compiler Version 19.31.31104 for x86
Copyright (C) Microsoft Corporation.  All rights reserved.

CMakeCCompilerId.c
Microsoft (R) Incremental Linker Version 14.31.31104.0
Copyright (C) Microsoft Corporation.  All rights reserved.

/out:CMakeCCompilerId.exe 
CMakeCCompilerId.obj 


Compilation of the C compiler identification source "CMakeCCompilerId.c" produced "CMakeCCompilerId.exe"

Compilation of the C compiler identification source "CMakeCCompilerId.c" produced "CMakeCCompilerId.obj"

The C compiler identification is MSVC, found in "C:/Users/cyrex/Projects/outpost-rs/outpost_c_proj/cmake-build-debug/CMakeFiles/3.21.1/CompilerIdC/CMakeCCompilerId.exe"

Detecting C compiler ABI info compiled with the following output:
Change Dir: C:/Users/cyrex/Projects/outpost-rs/outpost_c_proj/cmake-build-debug/CMakeFiles/CMakeTmp

Run Build Command(s):C:/Users/cyrex/AppData/Local/JetBrains/Toolbox/apps/CLion/ch-0/213.7172.20/bin/ninja/win/ninja.exe cmTC_807b1 && [1/2] Building C object CMakeFiles\cmTC_807b1.dir\CMakeCCompilerABI.c.obj
[2/2] Linking C executable cmTC_807b1.exe



